<?xml version="1.0" encoding="utf-8" ?>
<UserDetails>
	<User Name="Valek" Mail="name@gmail.com"/>
	<User Name="Valek2" Mail="name@gmail.com"/>
	<User Name="Valek3" Mail="name@gmail.com"/>
	<User Name="Valek3" Mail="name@gmail.com"/>
</UserDetails>